`'`
`'0`
`,`
`.`
`.s/n`
`[`
`]105`
`]SN`
`0'`
`0,2`
`00013A`
`00697A`
`01111A`
`1,3`
`1500'`
`2048'`
`24,5`
`267,01`
`346 C`
`357.5`
`384O`
`451,5`
`453,9`
`454,7`
`456,2`
`457,2`
`457,4`
`457,9`
`459,3`
`459,8`
`46.3`
`460,1`
`530,8`
`530,9`
`531,1`
`531,6`
`532,1`
`532,2`
`532,3`
`532,4`
`532,5`
`532,8`
`536.`
`6455'`
`7,5`
`8729?`
`a/n`
`AN`
`BR 040`
`CD`
`CR`
`D/N`
`KM`
`KM 0 , 5`
`KM 0,6`
`KM 1,3`
`KM 1,5`
`KM 2,5`
`KM 4,5`
`KM 6 , 5`
`KM 7 , 5`
`KM 8,3`
`L`
`N/I`
`NI`
`NS`
`O`
`ps/n`
`S/`
`s/8n`
`s/n`
`S/N`
`S/V`
`SM`
`sn`
`SN`
`SN''`
`SN-+`
`SN.`
`SN¿`
`sSN`
`SV`



